# JRE version: 7.0_05-b06
# Java VM: Java HotSpot(TM) 64-Bit Server VM (23.1-b03 mixed mode linux-amd64 compressed oops)
Heap
 PSYoungGen      total 18048K, used 11483K [0x00000000ebd60000, 0x00000000ed180000, 0x0000000100000000)
  eden space 15488K, 57% used [0x00000000ebd60000,0x00000000ec6192f0,0x00000000ecc80000)
  from space 2560K, 99% used [0x00000000ecf00000,0x00000000ed17dbd8,0x00000000ed180000)
  to   space 2560K, 0% used [0x00000000ecc80000,0x00000000ecc80000,0x00000000ecf00000)
 ParOldGen       total 41344K, used 3016K [0x00000000c3800000, 0x00000000c6060000, 0x00000000ebd60000)
  object space 41344K, 7% used [0x00000000c3800000,0x00000000c3af21d0,0x00000000c6060000)
 PSPermGen       total 21248K, used 8350K [0x00000000be600000, 0x00000000bfac0000, 0x00000000c3800000)
  object space 21248K, 39% used [0x00000000be600000,0x00000000bee27a70,0x00000000bfac0000)
GC Heap History (4 events):
Event: 12.480 GC heap before
{Heap before GC invocations=1 (full 0):
 PSYoungGen      total 18048K, used 15488K [0x00000000ebd60000, 0x00000000ed180000, 0x0000000100000000)
  eden space 15488K, 100% used [0x00000000ebd60000,0x00000000ecc80000,0x00000000ecc80000)
  from space 2560K, 0% used [0x00000000ecf00000,0x00000000ecf00000,0x00000000ed180000)
  to   space 2560K, 0% used [0x00000000ecc80000,0x00000000ecc80000,0x00000000ecf00000)
 ParOldGen       total 41344K, used 0K [0x00000000c3800000, 0x00000000c6060000, 0x00000000ebd60000)
  object space 41344K, 0% used [0x00000000c3800000,0x00000000c3800000,0x00000000c6060000)
 PSPermGen       total 21248K, used 7704K [0x00000000be600000, 0x00000000bfac0000, 0x00000000c3800000)
  object space 21248K, 36% used [0x00000000be600000,0x00000000bed86070,0x00000000bfac0000)
Event: 12.485 GC heap after
Heap after GC invocations=1 (full 0):
 PSYoungGen      total 18048K, used 2553K [0x00000000ebd60000, 0x00000000ed180000, 0x0000000100000000)
  eden space 15488K, 0% used [0x00000000ebd60000,0x00000000ebd60000,0x00000000ecc80000)
  from space 2560K, 99% used [0x00000000ecc80000,0x00000000ecefe5c8,0x00000000ecf00000)
  to   space 2560K, 0% used [0x00000000ecf00000,0x00000000ecf00000,0x00000000ed180000)
 ParOldGen       total 41344K, used 491K [0x00000000c3800000, 0x00000000c6060000, 0x00000000ebd60000)
  object space 41344K, 1% used [0x00000000c3800000,0x00000000c387aeb0,0x00000000c6060000)
 PSPermGen       total 21248K, used 7704K [0x00000000be600000, 0x00000000bfac0000, 0x00000000c3800000)
  object space 21248K, 36% used [0x00000000be600000,0x00000000bed86070,0x00000000bfac0000)
}
Event: 13.168 GC heap before
{Heap before GC invocations=2 (full 0):
 PSYoungGen      total 18048K, used 17248K [0x00000000ebd60000, 0x00000000ed180000, 0x0000000100000000)
  eden space 15488K, 94% used [0x00000000ebd60000,0x00000000ecbb9d50,0x00000000ecc80000)
  from space 2560K, 99% used [0x00000000ecc80000,0x00000000ecefe5c8,0x00000000ecf00000)
  to   space 2560K, 0% used [0x00000000ecf00000,0x00000000ecf00000,0x00000000ed180000)
 ParOldGen       total 41344K, used 491K [0x00000000c3800000, 0x00000000c6060000, 0x00000000ebd60000)
  object space 41344K, 1% used [0x00000000c3800000,0x00000000c387aeb0,0x00000000c6060000)
 PSPermGen       total 21248K, used 8349K [0x00000000be600000, 0x00000000bfac0000, 0x00000000c3800000)
  object space 21248K, 39% used [0x00000000be600000,0x00000000bee27498,0x00000000bfac0000)
Event: 13.176 GC heap after
Heap after GC invocations=2 (full 0):
 PSYoungGen      total 18048K, used 2550K [0x00000000ebd60000, 0x00000000ed180000, 0x0000000100000000)
  eden space 15488K, 0% used [0x00000000ebd60000,0x00000000ebd60000,0x00000000ecc80000)
  from space 2560K, 99% used [0x00000000ecf00000,0x00000000ed17dbd8,0x00000000ed180000)
  to   space 2560K, 0% used [0x00000000ecc80000,0x00000000ecc80000,0x00000000ecf00000)
 ParOldGen       total 41344K, used 3016K [0x00000000c3800000, 0x00000000c6060000, 0x00000000ebd60000)
  object space 41344K, 7% used [0x00000000c3800000,0x00000000c3af21d0,0x00000000c6060000)
 PSPermGen       total 21248K, used 8349K [0x00000000be600000, 0x00000000bfac0000, 0x00000000c3800000)
  object space 21248K, 39% used [0x00000000be600000,0x00000000bee27498,0x00000000bfac0000)
}

